<?xml version="1.0" encoding="UTF-8" ?>
<testsuite tests="20" failures="0" name="org.epita.tp.serie1.TestsExercicesSupplementaires" time="0.057" errors="0" skipped="0">
  <properties>
    <property name="java.runtime.name" value="OpenJDK Runtime Environment"/>
    <property name="java.vm.version" value="19"/>
    <property name="sun.boot.library.path" value="/usr/local/Cellar/openjdk/19/libexec/openjdk.jdk/Contents/Home/lib"/>
    <property name="maven.multiModuleProjectDirectory" value="/Users/wagblin/Nextcloud/git/JAVA/tddEpita/tpJava"/>
    <property name="java.vm.vendor" value="Homebrew"/>
    <property name="java.vendor.url" value="https://github.com/Homebrew/homebrew-core/issues"/>
    <property name="guice.disable.misplaced.annotation.check" value="true"/>
    <property name="path.separator" value=":"/>
    <property name="java.vm.name" value="OpenJDK 64-Bit Server VM"/>
    <property name="user.country" value="FR"/>
    <property name="sun.java.launcher" value="SUN_STANDARD"/>
    <property name="java.vm.specification.name" value="Java Virtual Machine Specification"/>
    <property name="user.dir" value="/Users/wagblin/Nextcloud/git/JAVA/tddEpita/tpJava"/>
    <property name="java.vm.compressedOopsMode" value="Zero based"/>
    <property name="java.runtime.version" value="19"/>
    <property name="os.arch" value="x86_64"/>
    <property name="java.io.tmpdir" value="/var/folders/b0/20s0njdj66b_3qx633pb9ch40000gn/T/"/>
    <property name="line.separator" value="
"/>
    <property name="java.vm.specification.vendor" value="Oracle Corporation"/>
    <property name="stderr.encoding" value="UTF-8"/>
    <property name="os.name" value="Mac OS X"/>
    <property name="classworlds.conf" value="/usr/local/Cellar/maven/3.8.6/libexec/bin/m2.conf"/>
    <property name="sun.jnu.encoding" value="UTF-8"/>
    <property name="stdout.encoding" value="UTF-8"/>
    <property name="java.library.path" value="/Users/wagblin/Library/Java/Extensions:/Library/Java/Extensions:/Network/Library/Java/Extensions:/System/Library/Java/Extensions:/usr/lib/java:."/>
    <property name="maven.conf" value="/usr/local/Cellar/maven/3.8.6/libexec/conf"/>
    <property name="jdk.debug" value="release"/>
    <property name="java.class.version" value="63.0"/>
    <property name="java.specification.name" value="Java Platform API Specification"/>
    <property name="sun.management.compiler" value="HotSpot 64-Bit Tiered Compilers"/>
    <property name="os.version" value="13.0.1"/>
    <property name="library.jansi.path" value="/usr/local/Cellar/maven/3.8.6/libexec/lib/jansi-native"/>
    <property name="http.nonProxyHosts" value="local|*.local|169.254/16|*.169.254/16"/>
    <property name="user.home" value="/Users/wagblin"/>
    <property name="user.timezone" value="Europe/Paris"/>
    <property name="file.encoding" value="UTF-8"/>
    <property name="java.specification.version" value="19"/>
    <property name="user.name" value="wagblin"/>
    <property name="java.class.path" value="/usr/local/Cellar/maven/3.8.6/libexec/boot/plexus-classworlds-2.6.0.jar"/>
    <property name="java.vm.specification.version" value="19"/>
    <property name="sun.arch.data.model" value="64"/>
    <property name="sun.java.command" value="org.codehaus.plexus.classworlds.launcher.Launcher install -f /Users/wagblin/Nextcloud/git/JAVA/tddEpita/tpJava/pom.xml"/>
    <property name="java.home" value="/usr/local/Cellar/openjdk/19/libexec/openjdk.jdk/Contents/Home"/>
    <property name="apple.awt.application.name" value="Launcher"/>
    <property name="user.language" value="en"/>
    <property name="java.specification.vendor" value="Oracle Corporation"/>
    <property name="java.vm.info" value="mixed mode, sharing"/>
    <property name="java.version" value="19"/>
    <property name="native.encoding" value="UTF-8"/>
    <property name="java.vendor" value="Homebrew"/>
    <property name="maven.home" value="/usr/local/Cellar/maven/3.8.6/libexec"/>
    <property name="file.separator" value="/"/>
    <property name="java.version.date" value="2022-09-20"/>
    <property name="java.vendor.url.bug" value="https://github.com/Homebrew/homebrew-core/issues"/>
    <property name="sun.io.unicode.encoding" value="UnicodeBig"/>
    <property name="sun.cpu.endian" value="little"/>
    <property name="java.vendor.version" value="Homebrew"/>
    <property name="socksNonProxyHosts" value="local|*.local|169.254/16|*.169.254/16"/>
    <property name="ftp.nonProxyHosts" value="local|*.local|169.254/16|*.169.254/16"/>
  </properties>
  <testcase classname="org.epita.tp.serie1.TestsExercicesSupplementaires" name="org.epita.tp.serie1.TestsExercicesSupplementaires.test_exercice1_nominal" time="0.051"/>
  <testcase classname="org.epita.tp.serie1.TestsExercicesSupplementaires" name="org.epita.tp.serie1.TestsExercicesSupplementaires.test_exercice1_return_moinsun_when_empty_array" time="0"/>
  <testcase classname="org.epita.tp.serie1.TestsExercicesSupplementaires" name="org.epita.tp.serie1.TestsExercicesSupplementaires.test_exercice2_nominal" time="0.001"/>
  <testcase classname="org.epita.tp.serie1.TestsExercicesSupplementaires" name="org.epita.tp.serie1.TestsExercicesSupplementaires.test_exercice2_return_exception_when_empty" time="0.004"/>
  <testcase classname="org.epita.tp.serie1.TestsExercicesSupplementaires" name="org.epita.tp.serie1.TestsExercicesSupplementaires.test_exercice2_return_exception_when_null_table" time="0"/>
  <testcase classname="org.epita.tp.serie1.TestsExercicesSupplementaires" name="org.epita.tp.serie1.TestsExercicesSupplementaires.test_exercice3_nominal" time="0"/>
  <testcase classname="org.epita.tp.serie1.TestsExercicesSupplementaires" name="org.epita.tp.serie1.TestsExercicesSupplementaires.test_exercice3_return_the_positive_when_egality" time="0"/>
  <testcase classname="org.epita.tp.serie1.TestsExercicesSupplementaires" name="org.epita.tp.serie1.TestsExercicesSupplementaires.test_exercice3_return_the_first_index_when_egality" time="0"/>
  <testcase classname="org.epita.tp.serie1.TestsExercicesSupplementaires" name="org.epita.tp.serie1.TestsExercicesSupplementaires.test_exercice4_f2" time="0"/>
  <testcase classname="org.epita.tp.serie1.TestsExercicesSupplementaires" name="org.epita.tp.serie1.TestsExercicesSupplementaires.test_exercice4_f3" time="0"/>
  <testcase classname="org.epita.tp.serie1.TestsExercicesSupplementaires" name="org.epita.tp.serie1.TestsExercicesSupplementaires.test_exercice4_f10" time="0"/>
  <testcase classname="org.epita.tp.serie1.TestsExercicesSupplementaires" name="org.epita.tp.serie1.TestsExercicesSupplementaires.test_exercice4_f16" time="0"/>
  <testcase classname="org.epita.tp.serie1.TestsExercicesSupplementaires" name="org.epita.tp.serie1.TestsExercicesSupplementaires.test_exercice4_f80" time="0"/>
  <testcase classname="org.epita.tp.serie1.TestsExercicesSupplementaires" name="org.epita.tp.serie1.TestsExercicesSupplementaires.test_exercice5" time="0"/>
  <testcase classname="org.epita.tp.serie1.TestsExercicesSupplementaires" name="org.epita.tp.serie1.TestsExercicesSupplementaires.test_exercice6" time="0.001"/>
  <testcase classname="org.epita.tp.serie1.TestsExercicesSupplementaires" name="org.epita.tp.serie1.TestsExercicesSupplementaires.test_exercice7" time="0"/>
  <testcase classname="org.epita.tp.serie1.TestsExercicesSupplementaires" name="org.epita.tp.serie1.TestsExercicesSupplementaires.test_exercice8" time="0"/>
  <testcase classname="org.epita.tp.serie1.TestsExercicesSupplementaires" name="org.epita.tp.serie1.TestsExercicesSupplementaires.test_exercice9" time="0"/>
  <testcase classname="org.epita.tp.serie1.TestsExercicesSupplementaires" name="org.epita.tp.serie1.TestsExercicesSupplementaires.test_exercice10" time="0"/>
  <testcase classname="org.epita.tp.serie1.TestsExercicesSupplementaires" name="org.epita.tp.serie1.TestsExercicesSupplementaires.test_exercice11" time="0"/>
</testsuite>