<?xml version="1.0" encoding="UTF-8" ?>
<testsuite tests="19" failures="0" name="org.epita.tp.serie1.TestsExercicesSupplementaires" time="0.004" errors="0" skipped="0">
  <properties>
    <property name="java.runtime.name" value="Java(TM) SE Runtime Environment"/>
    <property name="java.vm.version" value="19.0.1+10-21"/>
    <property name="sun.boot.library.path" value="C:\Program Files\Java\jdk-19\bin"/>
    <property name="maven.multiModuleProjectDirectory" value="C:\Users\wagblin\Nextcloud\git\JAVA\tddEpita\tpJava"/>
    <property name="java.vm.vendor" value="Oracle Corporation"/>
    <property name="java.vendor.url" value="https://java.oracle.com/"/>
    <property name="guice.disable.misplaced.annotation.check" value="true"/>
    <property name="path.separator" value=";"/>
    <property name="java.vm.name" value="Java HotSpot(TM) 64-Bit Server VM"/>
    <property name="sun.os.patch.level" value=""/>
    <property name="user.script" value=""/>
    <property name="user.country" value="US"/>
    <property name="sun.java.launcher" value="SUN_STANDARD"/>
    <property name="java.vm.specification.name" value="Java Virtual Machine Specification"/>
    <property name="user.dir" value="C:\Users\wagblin\Nextcloud\git\JAVA\tddEpita\tpJava"/>
    <property name="java.vm.compressedOopsMode" value="Zero based"/>
    <property name="java.runtime.version" value="19.0.1+10-21"/>
    <property name="os.arch" value="amd64"/>
    <property name="java.io.tmpdir" value="C:\Users\wagblin\AppData\Local\Temp\"/>
    <property name="line.separator" value="
"/>
    <property name="java.vm.specification.vendor" value="Oracle Corporation"/>
    <property name="user.variant" value=""/>
    <property name="stderr.encoding" value="cp437"/>
    <property name="os.name" value="Windows 11"/>
    <property name="classworlds.conf" value="C:\Users\wagblin\appli\apache-maven-3.8.6\bin\m2.conf"/>
    <property name="sun.jnu.encoding" value="Cp1252"/>
    <property name="stdout.encoding" value="cp437"/>
    <property name="java.library.path" value="C:\Program Files\Java\jdk-19\bin;C:\Windows\Sun\Java\bin;C:\Windows\system32;C:\Windows;C:\Program Files\Common Files\Oracle\Java\javapath;C:\Program Files (x86)\Common Files\Oracle\Java\javapath;C:\Windows\system32;C:\Windows;C:\Windows\System32\Wbem;C:\Windows\System32\WindowsPowerShell\v1.0\;C:\Program Files\Docker\Docker\resources\bin;C:\Program Files\nodejs\;C:\Program Files\Git\cmd;C:\Users\wagblin\AppData\Local\Microsoft\WindowsApps;C:\Users\wagblin\AppData\Local\Programs\Microsoft VS Code\bin;C:\Users\wagblin\AppData\Roaming\npm;C:\Program Files\Java\jdk-19\bin;C:\Users\wagblin\appli\apache-maven-3.8.6\bin;;."/>
    <property name="maven.conf" value="C:\Users\wagblin\appli\apache-maven-3.8.6/conf"/>
    <property name="jdk.debug" value="release"/>
    <property name="java.class.version" value="63.0"/>
    <property name="java.specification.name" value="Java Platform API Specification"/>
    <property name="sun.management.compiler" value="HotSpot 64-Bit Tiered Compilers"/>
    <property name="os.version" value="10.0"/>
    <property name="library.jansi.path" value="C:\Users\wagblin\appli\apache-maven-3.8.6\lib\jansi-native"/>
    <property name="user.home" value="C:\Users\wagblin"/>
    <property name="user.timezone" value="Europe/Paris"/>
    <property name="file.encoding" value="UTF-8"/>
    <property name="java.specification.version" value="19"/>
    <property name="user.name" value="wagblin"/>
    <property name="java.class.path" value="C:\Users\wagblin\appli\apache-maven-3.8.6\boot\plexus-classworlds-2.6.0.jar"/>
    <property name="java.vm.specification.version" value="19"/>
    <property name="sun.arch.data.model" value="64"/>
    <property name="sun.java.command" value="org.codehaus.plexus.classworlds.launcher.Launcher clean install"/>
    <property name="java.home" value="C:\Program Files\Java\jdk-19"/>
    <property name="user.language" value="en"/>
    <property name="java.specification.vendor" value="Oracle Corporation"/>
    <property name="java.vm.info" value="mixed mode, sharing"/>
    <property name="java.version" value="19.0.1"/>
    <property name="native.encoding" value="Cp1252"/>
    <property name="java.vendor" value="Oracle Corporation"/>
    <property name="maven.home" value="C:\Users\wagblin\appli\apache-maven-3.8.6"/>
    <property name="file.separator" value="\"/>
    <property name="java.version.date" value="2022-10-18"/>
    <property name="java.vendor.url.bug" value="https://bugreport.java.com/bugreport/"/>
    <property name="sun.io.unicode.encoding" value="UnicodeLittle"/>
    <property name="sun.cpu.endian" value="little"/>
    <property name="sun.cpu.isalist" value="amd64"/>
  </properties>
  <testcase classname="org.epita.tp.serie1.TestsExercicesSupplementaires" name="org.epita.tp.serie1.TestsExercicesSupplementaires.test_exercice3_nominal" time="0.001"/>
  <testcase classname="org.epita.tp.serie1.TestsExercicesSupplementaires" name="org.epita.tp.serie1.TestsExercicesSupplementaires.test_exercice1_nominal" time="0.001"/>
  <testcase classname="org.epita.tp.serie1.TestsExercicesSupplementaires" name="org.epita.tp.serie1.TestsExercicesSupplementaires.test_exercice2_nominal" time="0"/>
  <testcase classname="org.epita.tp.serie1.TestsExercicesSupplementaires" name="org.epita.tp.serie1.TestsExercicesSupplementaires.test_exercice3_return_the_first_index_when_egality" time="0.001"/>
  <testcase classname="org.epita.tp.serie1.TestsExercicesSupplementaires" name="org.epita.tp.serie1.TestsExercicesSupplementaires.test_exercice1_return_moinsun_when_empty_array" time="0"/>
  <testcase classname="org.epita.tp.serie1.TestsExercicesSupplementaires" name="org.epita.tp.serie1.TestsExercicesSupplementaires.test_exercice3_return_the_positive_when_egality" time="0"/>
  <testcase classname="org.epita.tp.serie1.TestsExercicesSupplementaires" name="org.epita.tp.serie1.TestsExercicesSupplementaires.test_exercice2_return_exception_when_empty" time="0"/>
  <testcase classname="org.epita.tp.serie1.TestsExercicesSupplementaires" name="org.epita.tp.serie1.TestsExercicesSupplementaires.test_exercice4_f2" time="0"/>
  <testcase classname="org.epita.tp.serie1.TestsExercicesSupplementaires" name="org.epita.tp.serie1.TestsExercicesSupplementaires.test_exercice4_f3" time="0"/>
  <testcase classname="org.epita.tp.serie1.TestsExercicesSupplementaires" name="org.epita.tp.serie1.TestsExercicesSupplementaires.test_exercice4_f10" time="0"/>
  <testcase classname="org.epita.tp.serie1.TestsExercicesSupplementaires" name="org.epita.tp.serie1.TestsExercicesSupplementaires.test_exercice8" time="0"/>
  <testcase classname="org.epita.tp.serie1.TestsExercicesSupplementaires" name="org.epita.tp.serie1.TestsExercicesSupplementaires.test_exercice10" time="0"/>
  <testcase classname="org.epita.tp.serie1.TestsExercicesSupplementaires" name="org.epita.tp.serie1.TestsExercicesSupplementaires.test_exercice9" time="0"/>
  <testcase classname="org.epita.tp.serie1.TestsExercicesSupplementaires" name="org.epita.tp.serie1.TestsExercicesSupplementaires.test_exercice4_f16" time="0.001"/>
  <testcase classname="org.epita.tp.serie1.TestsExercicesSupplementaires" name="org.epita.tp.serie1.TestsExercicesSupplementaires.test_exercice6" time="0"/>
  <testcase classname="org.epita.tp.serie1.TestsExercicesSupplementaires" name="org.epita.tp.serie1.TestsExercicesSupplementaires.test_exercice11" time="0"/>
  <testcase classname="org.epita.tp.serie1.TestsExercicesSupplementaires" name="org.epita.tp.serie1.TestsExercicesSupplementaires.test_exercice4_f80" time="0"/>
  <testcase classname="org.epita.tp.serie1.TestsExercicesSupplementaires" name="org.epita.tp.serie1.TestsExercicesSupplementaires.test_exercice5" time="0"/>
  <testcase classname="org.epita.tp.serie1.TestsExercicesSupplementaires" name="org.epita.tp.serie1.TestsExercicesSupplementaires.test_exercice7" time="0"/>
</testsuite>